2019-08-31 17:54:47,355 INFO org.springframework.boot.StartupInfoLogger [restartedMain] Starting MortgageApplication on 1A-1 with PID 5992 (D:\projects\mortgage\target\classes started by admin in D:\projects\mortgage)
2019-08-31 17:54:47,364 DEBUG org.springframework.boot.StartupInfoLogger [restartedMain] Running with Spring Boot v2.1.7.RELEASE, Spring v5.1.9.RELEASE
2019-08-31 17:54:47,366 INFO org.springframework.boot.SpringApplication [restartedMain] No active profile set, falling back to default profiles: default
2019-08-31 17:54:47,406 INFO org.springframework.boot.logging.DeferredLog [restartedMain] Devtools property defaults active! Set 'spring.devtools.add-properties' to 'false' to disable
2019-08-31 17:54:47,407 INFO org.springframework.boot.logging.DeferredLog [restartedMain] For additional web related logging consider setting the 'logging.level.web' property to 'DEBUG'
2019-08-31 17:54:48,680 INFO org.springframework.data.repository.config.RepositoryConfigurationDelegate [restartedMain] Bootstrapping Spring Data repositories in DEFAULT mode.
2019-08-31 17:54:48,758 INFO org.springframework.data.repository.config.RepositoryConfigurationDelegate [restartedMain] Finished Spring Data repository scanning in 65ms. Found 3 repository interfaces.
2019-08-31 17:54:49,217 INFO org.springframework.context.support.PostProcessorRegistrationDelegate$BeanPostProcessorChecker [restartedMain] Bean 'org.springframework.transaction.annotation.ProxyTransactionManagementConfiguration' of type [org.springframework.transaction.annotation.ProxyTransactionManagementConfiguration$$EnhancerBySpringCGLIB$$2629b122] is not eligible for getting processed by all BeanPostProcessors (for example: not eligible for auto-proxying)
2019-08-31 17:54:49,767 INFO org.springframework.boot.web.embedded.tomcat.TomcatWebServer [restartedMain] Tomcat initialized with port(s): 8092 (http)
2019-08-31 17:54:49,784 INFO org.apache.juli.logging.DirectJDKLog [restartedMain] Initializing ProtocolHandler ["http-nio-8092"]
2019-08-31 17:54:49,795 INFO org.apache.juli.logging.DirectJDKLog [restartedMain] Starting service [Tomcat]
2019-08-31 17:54:49,796 INFO org.apache.juli.logging.DirectJDKLog [restartedMain] Starting Servlet engine: [Apache Tomcat/9.0.22]
2019-08-31 17:54:49,945 INFO org.apache.juli.logging.DirectJDKLog [restartedMain] Initializing Spring embedded WebApplicationContext
2019-08-31 17:54:49,957 INFO org.springframework.boot.web.servlet.context.ServletWebServerApplicationContext [restartedMain] Root WebApplicationContext: initialization completed in 2548 ms
2019-08-31 17:54:50,567 INFO com.zaxxer.hikari.HikariDataSource [restartedMain] HikariPool-1 - Starting...
2019-08-31 17:54:50,922 INFO com.zaxxer.hikari.HikariDataSource [restartedMain] HikariPool-1 - Start completed.
2019-08-31 17:54:50,977 INFO org.hibernate.jpa.internal.util.LogHelper [restartedMain] HHH000204: Processing PersistenceUnitInfo [
	name: default
	...]
2019-08-31 17:54:51,118 INFO org.hibernate.Version [restartedMain] HHH000412: Hibernate Core {5.3.10.Final}
2019-08-31 17:54:51,123 INFO org.hibernate.cfg.Environment [restartedMain] HHH000206: hibernate.properties not found
2019-08-31 17:54:51,264 INFO org.hibernate.annotations.common.reflection.java.JavaReflectionManager [restartedMain] HCANN000001: Hibernate Commons Annotations {5.0.4.Final}
2019-08-31 17:54:51,407 INFO org.hibernate.dialect.Dialect [restartedMain] HHH000400: Using dialect: org.hibernate.dialect.MySQL5Dialect
2019-08-31 17:54:53,596 INFO org.springframework.orm.jpa.AbstractEntityManagerFactoryBean [restartedMain] Initialized JPA EntityManagerFactory for persistence unit 'default'
2019-08-31 17:54:53,644 INFO org.springframework.boot.devtools.autoconfigure.OptionalLiveReloadServer [restartedMain] LiveReload server is running on port 35729
2019-08-31 17:54:54,374 WARN org.springframework.boot.autoconfigure.orm.jpa.JpaBaseConfiguration$JpaWebConfiguration$JpaWebMvcConfiguration [restartedMain] spring.jpa.open-in-view is enabled by default. Therefore, database queries may be performed during view rendering. Explicitly configure spring.jpa.open-in-view to disable this warning
2019-08-31 17:54:54,496 INFO org.springframework.boot.actuate.endpoint.web.EndpointLinksResolver [restartedMain] Exposing 2 endpoint(s) beneath base path '/actuator'
2019-08-31 17:54:54,593 INFO springfox.documentation.spring.web.PropertySourcedRequestMappingHandlerMapping [restartedMain] Mapped URL path [/v2/api-docs] onto method [public org.springframework.http.ResponseEntity<springfox.documentation.spring.web.json.Json> springfox.documentation.swagger2.web.Swagger2Controller.getDocumentation(java.lang.String,javax.servlet.http.HttpServletRequest)]
2019-08-31 17:54:54,758 INFO org.springframework.scheduling.concurrent.ExecutorConfigurationSupport [restartedMain] Initializing ExecutorService 'applicationTaskExecutor'
2019-08-31 17:54:55,083 INFO springfox.documentation.spring.web.plugins.DocumentationPluginsBootstrapper [restartedMain] Context refreshed
2019-08-31 17:54:55,108 INFO springfox.documentation.spring.web.plugins.DocumentationPluginsBootstrapper [restartedMain] Found 1 custom documentation plugin(s)
2019-08-31 17:54:55,185 INFO springfox.documentation.spring.web.scanners.ApiListingReferenceScanner [restartedMain] Scanning for api listing references
2019-08-31 17:54:55,448 INFO springfox.documentation.spring.web.readers.operation.CachingOperationNameGenerator [restartedMain] Generating unique operation named: createUserAccountUsingPOST_1
2019-08-31 17:54:55,482 INFO org.apache.juli.logging.DirectJDKLog [restartedMain] Starting ProtocolHandler ["http-nio-8092"]
2019-08-31 17:54:55,548 INFO org.springframework.boot.web.embedded.tomcat.TomcatWebServer [restartedMain] Tomcat started on port(s): 8092 (http) with context path '/mortgage'
2019-08-31 17:54:55,556 INFO org.springframework.boot.StartupInfoLogger [restartedMain] Started MortgageApplication in 8.549 seconds (JVM running for 9.093)
2019-08-31 17:54:55,688 INFO org.apache.juli.logging.DirectJDKLog [RMI TCP Connection(1)-192.168.1.9] Initializing Spring DispatcherServlet 'dispatcherServlet'
2019-08-31 17:54:55,689 INFO org.springframework.web.servlet.FrameworkServlet [RMI TCP Connection(1)-192.168.1.9] Initializing Servlet 'dispatcherServlet'
2019-08-31 17:54:55,708 INFO org.springframework.web.servlet.FrameworkServlet [RMI TCP Connection(1)-192.168.1.9] Completed initialization in 16 ms
2019-08-31 17:55:03,572 INFO com.demo.mortgage.aspect.LoggingAspect [http-nio-8092-exec-1] Enter com.demo.mortgage.controller.CustomerLoanDetailsController.getCustomerLoanDetails with argument(s) = [1111111115, testuser5@hcl.com]
2019-08-31 17:55:03,579 INFO com.demo.mortgage.aspect.LoggingAspect [http-nio-8092-exec-1] Enter com.demo.mortgage.service.impl.CustomerLoanDetailsServiceImpl.getCustomerLoanDetails with argument(s) = [1111111115, testuser5@hcl.com]
2019-08-31 17:55:03,594 INFO com.demo.mortgage.aspect.LoggingAspect [http-nio-8092-exec-1] Enter com.demo.mortgage.service.impl.CustomerServiceImpl.getCustomerByPhoneAndEmail with argument(s) = [1111111115, testuser5@hcl.com]
2019-08-31 17:55:03,622 INFO org.hibernate.hql.internal.QueryTranslatorFactoryInitiator [http-nio-8092-exec-1] HHH000397: Using ASTQueryTranslatorFactory
2019-08-31 17:55:03,768 INFO com.demo.mortgage.aspect.LoggingAspect [http-nio-8092-exec-1] Exit com.demo.mortgage.service.impl.CustomerServiceImpl.getCustomerByPhoneAndEmail with result(s) = Optional[Customer [id=80, firstName=Test5, lastName=User, gender=Male, panDetail=PANTEST5, phoneNo=1111111115, email=testuser5@hcl.com, dateOfBirth=1991-08-31, salary=20000.0]]
2019-08-31 17:55:03,783 INFO com.demo.mortgage.aspect.LoggingAspect [http-nio-8092-exec-1] Exit com.demo.mortgage.service.impl.CustomerLoanDetailsServiceImpl.getCustomerLoanDetails with result(s) = CustomerLoanSummaryDTO(custId=80, loanOfferId=40, loanAmount=1500000, tenure=10, emi=18678.17, rateOfInterest=8.6, customerName=Test5 User)
2019-08-31 17:55:03,788 INFO com.demo.mortgage.aspect.LoggingAspect [http-nio-8092-exec-1] Exit com.demo.mortgage.controller.CustomerLoanDetailsController.getCustomerLoanDetails with result(s) = <200 OK OK,CustomerLoanSummaryDTO(custId=80, loanOfferId=40, loanAmount=1500000, tenure=10, emi=18678.17, rateOfInterest=8.6, customerName=Test5 User),[]>
2019-08-31 17:59:40,984 INFO org.springframework.boot.StartupInfoLogger [restartedMain] Starting MortgageApplication on 1A-1 with PID 9636 (D:\projects\mortgage\target\classes started by admin in D:\projects\mortgage)
2019-08-31 17:59:40,987 DEBUG org.springframework.boot.StartupInfoLogger [restartedMain] Running with Spring Boot v2.1.7.RELEASE, Spring v5.1.9.RELEASE
2019-08-31 17:59:40,989 INFO org.springframework.boot.SpringApplication [restartedMain] No active profile set, falling back to default profiles: default
2019-08-31 17:59:41,069 INFO org.springframework.boot.logging.DeferredLog [restartedMain] Devtools property defaults active! Set 'spring.devtools.add-properties' to 'false' to disable
2019-08-31 17:59:41,071 INFO org.springframework.boot.logging.DeferredLog [restartedMain] For additional web related logging consider setting the 'logging.level.web' property to 'DEBUG'
2019-08-31 17:59:42,311 INFO org.springframework.data.repository.config.RepositoryConfigurationDelegate [restartedMain] Bootstrapping Spring Data repositories in DEFAULT mode.
2019-08-31 17:59:42,407 INFO org.springframework.data.repository.config.RepositoryConfigurationDelegate [restartedMain] Finished Spring Data repository scanning in 83ms. Found 3 repository interfaces.
2019-08-31 17:59:42,971 INFO org.springframework.context.support.PostProcessorRegistrationDelegate$BeanPostProcessorChecker [restartedMain] Bean 'org.springframework.transaction.annotation.ProxyTransactionManagementConfiguration' of type [org.springframework.transaction.annotation.ProxyTransactionManagementConfiguration$$EnhancerBySpringCGLIB$$c3907f97] is not eligible for getting processed by all BeanPostProcessors (for example: not eligible for auto-proxying)
2019-08-31 17:59:43,440 INFO org.springframework.boot.web.embedded.tomcat.TomcatWebServer [restartedMain] Tomcat initialized with port(s): 8092 (http)
2019-08-31 17:59:43,464 INFO org.apache.juli.logging.DirectJDKLog [restartedMain] Initializing ProtocolHandler ["http-nio-8092"]
2019-08-31 17:59:43,478 INFO org.apache.juli.logging.DirectJDKLog [restartedMain] Starting service [Tomcat]
2019-08-31 17:59:43,479 INFO org.apache.juli.logging.DirectJDKLog [restartedMain] Starting Servlet engine: [Apache Tomcat/9.0.22]
2019-08-31 17:59:43,599 INFO org.apache.juli.logging.DirectJDKLog [restartedMain] Initializing Spring embedded WebApplicationContext
2019-08-31 17:59:43,599 INFO org.springframework.boot.web.servlet.context.ServletWebServerApplicationContext [restartedMain] Root WebApplicationContext: initialization completed in 2527 ms
2019-08-31 17:59:44,102 INFO com.zaxxer.hikari.HikariDataSource [restartedMain] HikariPool-1 - Starting...
2019-08-31 17:59:44,467 INFO com.zaxxer.hikari.HikariDataSource [restartedMain] HikariPool-1 - Start completed.
2019-08-31 17:59:44,525 INFO org.hibernate.jpa.internal.util.LogHelper [restartedMain] HHH000204: Processing PersistenceUnitInfo [
	name: default
	...]
2019-08-31 17:59:44,659 INFO org.hibernate.Version [restartedMain] HHH000412: Hibernate Core {5.3.10.Final}
2019-08-31 17:59:44,669 INFO org.hibernate.cfg.Environment [restartedMain] HHH000206: hibernate.properties not found
2019-08-31 17:59:44,831 INFO org.hibernate.annotations.common.reflection.java.JavaReflectionManager [restartedMain] HCANN000001: Hibernate Commons Annotations {5.0.4.Final}
2019-08-31 17:59:44,985 INFO org.hibernate.dialect.Dialect [restartedMain] HHH000400: Using dialect: org.hibernate.dialect.MySQL5Dialect
2019-08-31 17:59:46,988 INFO org.springframework.orm.jpa.AbstractEntityManagerFactoryBean [restartedMain] Initialized JPA EntityManagerFactory for persistence unit 'default'
2019-08-31 17:59:47,026 INFO org.springframework.boot.devtools.autoconfigure.OptionalLiveReloadServer [restartedMain] LiveReload server is running on port 35729
2019-08-31 17:59:47,753 WARN org.springframework.boot.autoconfigure.orm.jpa.JpaBaseConfiguration$JpaWebConfiguration$JpaWebMvcConfiguration [restartedMain] spring.jpa.open-in-view is enabled by default. Therefore, database queries may be performed during view rendering. Explicitly configure spring.jpa.open-in-view to disable this warning
2019-08-31 17:59:47,882 INFO org.springframework.boot.actuate.endpoint.web.EndpointLinksResolver [restartedMain] Exposing 2 endpoint(s) beneath base path '/actuator'
2019-08-31 17:59:47,981 INFO springfox.documentation.spring.web.PropertySourcedRequestMappingHandlerMapping [restartedMain] Mapped URL path [/v2/api-docs] onto method [public org.springframework.http.ResponseEntity<springfox.documentation.spring.web.json.Json> springfox.documentation.swagger2.web.Swagger2Controller.getDocumentation(java.lang.String,javax.servlet.http.HttpServletRequest)]
2019-08-31 17:59:48,125 INFO org.springframework.scheduling.concurrent.ExecutorConfigurationSupport [restartedMain] Initializing ExecutorService 'applicationTaskExecutor'
2019-08-31 17:59:48,472 INFO springfox.documentation.spring.web.plugins.DocumentationPluginsBootstrapper [restartedMain] Context refreshed
2019-08-31 17:59:48,497 INFO springfox.documentation.spring.web.plugins.DocumentationPluginsBootstrapper [restartedMain] Found 1 custom documentation plugin(s)
2019-08-31 17:59:48,532 INFO springfox.documentation.spring.web.scanners.ApiListingReferenceScanner [restartedMain] Scanning for api listing references
2019-08-31 17:59:48,667 INFO springfox.documentation.spring.web.readers.operation.CachingOperationNameGenerator [restartedMain] Generating unique operation named: createUserAccountUsingPOST_1
2019-08-31 17:59:48,692 INFO org.apache.juli.logging.DirectJDKLog [restartedMain] Starting ProtocolHandler ["http-nio-8092"]
2019-08-31 17:59:48,716 INFO org.springframework.boot.web.embedded.tomcat.TomcatWebServer [restartedMain] Tomcat started on port(s): 8092 (http) with context path '/mortgage'
2019-08-31 17:59:48,721 INFO org.springframework.boot.StartupInfoLogger [restartedMain] Started MortgageApplication in 8.147 seconds (JVM running for 8.806)
2019-08-31 17:59:51,089 INFO org.apache.juli.logging.DirectJDKLog [RMI TCP Connection(1)-192.168.1.9] Initializing Spring DispatcherServlet 'dispatcherServlet'
2019-08-31 17:59:51,098 INFO org.springframework.web.servlet.FrameworkServlet [RMI TCP Connection(1)-192.168.1.9] Initializing Servlet 'dispatcherServlet'
2019-08-31 17:59:51,120 INFO org.springframework.web.servlet.FrameworkServlet [RMI TCP Connection(1)-192.168.1.9] Completed initialization in 22 ms
2019-08-31 18:01:39,970 INFO org.springframework.scheduling.concurrent.ExecutorConfigurationSupport [Thread-6] Shutting down ExecutorService 'applicationTaskExecutor'
2019-08-31 18:01:39,978 INFO org.springframework.orm.jpa.AbstractEntityManagerFactoryBean [Thread-6] Closing JPA EntityManagerFactory for persistence unit 'default'
2019-08-31 18:01:39,986 INFO com.zaxxer.hikari.HikariDataSource [Thread-6] HikariPool-1 - Shutdown initiated...
2019-08-31 18:01:40,010 INFO com.zaxxer.hikari.HikariDataSource [Thread-6] HikariPool-1 - Shutdown completed.
2019-08-31 18:02:29,813 INFO org.springframework.boot.StartupInfoLogger [restartedMain] Starting MortgageApplication on 1A-1 with PID 9636 (D:\projects\mortgage\target\classes started by admin in D:\projects\mortgage)
2019-08-31 18:02:29,813 DEBUG org.springframework.boot.StartupInfoLogger [restartedMain] Running with Spring Boot v2.1.7.RELEASE, Spring v5.1.9.RELEASE
2019-08-31 18:02:29,813 INFO org.springframework.boot.SpringApplication [restartedMain] No active profile set, falling back to default profiles: default
2019-08-31 18:02:30,266 INFO org.springframework.data.repository.config.RepositoryConfigurationDelegate [restartedMain] Bootstrapping Spring Data repositories in DEFAULT mode.
2019-08-31 18:02:30,286 INFO org.springframework.data.repository.config.RepositoryConfigurationDelegate [restartedMain] Finished Spring Data repository scanning in 20ms. Found 3 repository interfaces.
2019-08-31 18:02:30,352 INFO org.springframework.context.support.PostProcessorRegistrationDelegate$BeanPostProcessorChecker [restartedMain] Bean 'org.springframework.transaction.annotation.ProxyTransactionManagementConfiguration' of type [org.springframework.transaction.annotation.ProxyTransactionManagementConfiguration$$EnhancerBySpringCGLIB$$c3907f97] is not eligible for getting processed by all BeanPostProcessors (for example: not eligible for auto-proxying)
2019-08-31 18:02:30,478 INFO org.springframework.boot.web.embedded.tomcat.TomcatWebServer [restartedMain] Tomcat initialized with port(s): 8092 (http)
2019-08-31 18:02:30,480 INFO org.apache.juli.logging.DirectJDKLog [restartedMain] Starting service [Tomcat]
2019-08-31 18:02:30,481 INFO org.apache.juli.logging.DirectJDKLog [restartedMain] Starting Servlet engine: [Apache Tomcat/9.0.22]
2019-08-31 18:02:30,494 INFO org.apache.juli.logging.DirectJDKLog [restartedMain] Initializing Spring embedded WebApplicationContext
2019-08-31 18:02:30,497 INFO org.springframework.boot.web.servlet.context.ServletWebServerApplicationContext [restartedMain] Root WebApplicationContext: initialization completed in 681 ms
2019-08-31 18:02:30,630 INFO com.zaxxer.hikari.HikariDataSource [restartedMain] HikariPool-2 - Starting...
2019-08-31 18:02:30,640 INFO com.zaxxer.hikari.HikariDataSource [restartedMain] HikariPool-2 - Start completed.
2019-08-31 18:02:30,651 INFO org.hibernate.jpa.internal.util.LogHelper [restartedMain] HHH000204: Processing PersistenceUnitInfo [
	name: default
	...]
2019-08-31 18:02:30,665 INFO org.hibernate.dialect.Dialect [restartedMain] HHH000400: Using dialect: org.hibernate.dialect.MySQL5Dialect
2019-08-31 18:02:32,246 INFO org.springframework.orm.jpa.AbstractEntityManagerFactoryBean [restartedMain] Initialized JPA EntityManagerFactory for persistence unit 'default'
2019-08-31 18:02:32,283 INFO org.springframework.boot.devtools.autoconfigure.OptionalLiveReloadServer [restartedMain] LiveReload server is running on port 35729
2019-08-31 18:02:32,501 WARN org.springframework.boot.autoconfigure.orm.jpa.JpaBaseConfiguration$JpaWebConfiguration$JpaWebMvcConfiguration [restartedMain] spring.jpa.open-in-view is enabled by default. Therefore, database queries may be performed during view rendering. Explicitly configure spring.jpa.open-in-view to disable this warning
2019-08-31 18:02:32,579 INFO springfox.documentation.spring.web.PropertySourcedRequestMappingHandlerMapping [restartedMain] Mapped URL path [/v2/api-docs] onto method [public org.springframework.http.ResponseEntity<springfox.documentation.spring.web.json.Json> springfox.documentation.swagger2.web.Swagger2Controller.getDocumentation(java.lang.String,javax.servlet.http.HttpServletRequest)]
2019-08-31 18:02:32,637 INFO org.springframework.scheduling.concurrent.ExecutorConfigurationSupport [restartedMain] Initializing ExecutorService 'applicationTaskExecutor'
2019-08-31 18:02:32,821 INFO springfox.documentation.spring.web.plugins.DocumentationPluginsBootstrapper [restartedMain] Context refreshed
2019-08-31 18:02:32,823 INFO springfox.documentation.spring.web.plugins.DocumentationPluginsBootstrapper [restartedMain] Found 1 custom documentation plugin(s)
2019-08-31 18:02:32,829 INFO springfox.documentation.spring.web.scanners.ApiListingReferenceScanner [restartedMain] Scanning for api listing references
2019-08-31 18:02:32,868 INFO springfox.documentation.spring.web.readers.operation.CachingOperationNameGenerator [restartedMain] Generating unique operation named: createUserAccountUsingPOST_1
2019-08-31 18:02:32,878 INFO org.springframework.boot.web.embedded.tomcat.TomcatWebServer [restartedMain] Tomcat started on port(s): 8092 (http) with context path '/mortgage'
2019-08-31 18:02:32,991 INFO org.springframework.boot.web.embedded.tomcat.TomcatWebServer [restartedMain] Tomcat initialized with port(s): 9001 (http)
2019-08-31 18:02:32,993 INFO org.apache.juli.logging.DirectJDKLog [restartedMain] Starting service [Tomcat]
2019-08-31 18:02:32,993 INFO org.apache.juli.logging.DirectJDKLog [restartedMain] Starting Servlet engine: [Apache Tomcat/9.0.22]
2019-08-31 18:02:33,005 INFO org.apache.juli.logging.DirectJDKLog [restartedMain] Initializing Spring embedded WebApplicationContext
2019-08-31 18:02:33,005 INFO org.springframework.boot.web.servlet.context.ServletWebServerApplicationContext [restartedMain] Root WebApplicationContext: initialization completed in 120 ms
2019-08-31 18:02:33,027 INFO org.springframework.boot.actuate.endpoint.web.EndpointLinksResolver [restartedMain] Exposing 15 endpoint(s) beneath base path '/actuator'
2019-08-31 18:02:33,076 ERROR org.apache.juli.logging.DirectJDKLog [restartedMain] Failed to start component [Connector[HTTP/1.1-9001]]
org.apache.catalina.LifecycleException: Protocol handler start failed
	at org.apache.catalina.connector.Connector.startInternal(Connector.java:1008)
	at org.apache.catalina.util.LifecycleBase.start(LifecycleBase.java:183)
	at org.apache.catalina.core.StandardService.addConnector(StandardService.java:227)
	at org.springframework.boot.web.embedded.tomcat.TomcatWebServer.addPreviouslyRemovedConnectors(TomcatWebServer.java:263)
	at org.springframework.boot.web.embedded.tomcat.TomcatWebServer.start(TomcatWebServer.java:195)
	at org.springframework.boot.web.servlet.context.ServletWebServerApplicationContext.startWebServer(ServletWebServerApplicationContext.java:297)
	at org.springframework.boot.web.servlet.context.ServletWebServerApplicationContext.finishRefresh(ServletWebServerApplicationContext.java:163)
	at org.springframework.context.support.AbstractApplicationContext.refresh(AbstractApplicationContext.java:552)
	at org.springframework.boot.web.servlet.context.ServletWebServerApplicationContext.refresh(ServletWebServerApplicationContext.java:141)
	at org.springframework.boot.actuate.autoconfigure.web.server.ManagementContextAutoConfiguration$DifferentManagementContextConfiguration.onApplicationEvent(ManagementContextAutoConfiguration.java:134)
	at org.springframework.boot.actuate.autoconfigure.web.server.ManagementContextAutoConfiguration$DifferentManagementContextConfiguration.onApplicationEvent(ManagementContextAutoConfiguration.java:109)
	at org.springframework.boot.actuate.autoconfigure.web.server.ManagementContextAutoConfiguration$DifferentManagementContextConfiguration$$EnhancerBySpringCGLIB$$e66bbfdc.onApplicationEvent(<generated>)
	at org.springframework.context.event.SimpleApplicationEventMulticaster.doInvokeListener(SimpleApplicationEventMulticaster.java:172)
	at org.springframework.context.event.SimpleApplicationEventMulticaster.invokeListener(SimpleApplicationEventMulticaster.java:165)
	at org.springframework.context.event.SimpleApplicationEventMulticaster.multicastEvent(SimpleApplicationEventMulticaster.java:139)
	at org.springframework.context.support.AbstractApplicationContext.publishEvent(AbstractApplicationContext.java:402)
	at org.springframework.context.support.AbstractApplicationContext.publishEvent(AbstractApplicationContext.java:359)
	at org.springframework.boot.web.servlet.context.ServletWebServerApplicationContext.finishRefresh(ServletWebServerApplicationContext.java:165)
	at org.springframework.context.support.AbstractApplicationContext.refresh(AbstractApplicationContext.java:552)
	at org.springframework.boot.web.servlet.context.ServletWebServerApplicationContext.refresh(ServletWebServerApplicationContext.java:141)
	at org.springframework.boot.SpringApplication.refresh(SpringApplication.java:743)
	at org.springframework.boot.SpringApplication.refreshContext(SpringApplication.java:390)
	at org.springframework.boot.SpringApplication.run(SpringApplication.java:312)
	at org.springframework.boot.SpringApplication.run(SpringApplication.java:1214)
	at org.springframework.boot.SpringApplication.run(SpringApplication.java:1203)
	at com.demo.mortgage.MortgageApplication.main(MortgageApplication.java:10)
	at sun.reflect.NativeMethodAccessorImpl.invoke0(Native Method)
	at sun.reflect.NativeMethodAccessorImpl.invoke(NativeMethodAccessorImpl.java:62)
	at sun.reflect.DelegatingMethodAccessorImpl.invoke(DelegatingMethodAccessorImpl.java:43)
	at java.lang.reflect.Method.invoke(Method.java:498)
	at org.springframework.boot.devtools.restart.RestartLauncher.run(RestartLauncher.java:49)
Caused by: java.net.BindException: Address already in use: bind
	at sun.nio.ch.Net.bind0(Native Method)
	at sun.nio.ch.Net.bind(Net.java:433)
	at sun.nio.ch.Net.bind(Net.java:425)
	at sun.nio.ch.ServerSocketChannelImpl.bind(ServerSocketChannelImpl.java:223)
	at sun.nio.ch.ServerSocketAdaptor.bind(ServerSocketAdaptor.java:74)
	at org.apache.tomcat.util.net.NioEndpoint.initServerSocket(NioEndpoint.java:230)
	at org.apache.tomcat.util.net.NioEndpoint.bind(NioEndpoint.java:213)
	at org.apache.tomcat.util.net.AbstractEndpoint.bindWithCleanup(AbstractEndpoint.java:1124)
	at org.apache.tomcat.util.net.AbstractEndpoint.start(AbstractEndpoint.java:1210)
	at org.apache.coyote.AbstractProtocol.start(AbstractProtocol.java:585)
	at org.apache.catalina.connector.Connector.startInternal(Connector.java:1005)
	... 30 common frames omitted
2019-08-31 18:02:33,078 INFO org.apache.juli.logging.DirectJDKLog [restartedMain] Stopping service [Tomcat]
2019-08-31 18:02:33,093 INFO org.apache.juli.logging.DirectJDKLog [restartedMain] Stopping service [Tomcat]
2019-08-31 18:02:33,099 INFO org.springframework.boot.autoconfigure.logging.ConditionEvaluationReportLoggingListener [restartedMain] 

Error starting ApplicationContext. To display the conditions report re-run your application with 'debug' enabled.
2019-08-31 18:02:33,101 ERROR org.springframework.boot.diagnostics.LoggingFailureAnalysisReporter [restartedMain] 

***************************
APPLICATION FAILED TO START
***************************

Description:

The Tomcat connector configured to listen on port 9001 failed to start. The port may already be in use or the connector may be misconfigured.

Action:

Verify the connector's configuration, identify and stop any process that's listening on port 9001, or configure this application to listen on another port.

2019-08-31 18:02:33,107 INFO org.springframework.scheduling.concurrent.ExecutorConfigurationSupport [restartedMain] Shutting down ExecutorService 'applicationTaskExecutor'
2019-08-31 18:02:33,109 INFO org.springframework.orm.jpa.AbstractEntityManagerFactoryBean [restartedMain] Closing JPA EntityManagerFactory for persistence unit 'default'
2019-08-31 18:02:33,109 INFO com.zaxxer.hikari.HikariDataSource [restartedMain] HikariPool-2 - Shutdown initiated...
2019-08-31 18:02:33,121 INFO com.zaxxer.hikari.HikariDataSource [restartedMain] HikariPool-2 - Shutdown completed.
2019-08-31 18:03:36,184 INFO org.springframework.boot.StartupInfoLogger [restartedMain] Starting MortgageApplication on 1A-1 with PID 9636 (D:\projects\mortgage\target\classes started by admin in D:\projects\mortgage)
2019-08-31 18:03:36,185 DEBUG org.springframework.boot.StartupInfoLogger [restartedMain] Running with Spring Boot v2.1.7.RELEASE, Spring v5.1.9.RELEASE
2019-08-31 18:03:36,185 INFO org.springframework.boot.SpringApplication [restartedMain] No active profile set, falling back to default profiles: default
2019-08-31 18:03:36,544 INFO org.springframework.data.repository.config.RepositoryConfigurationDelegate [restartedMain] Bootstrapping Spring Data repositories in DEFAULT mode.
2019-08-31 18:03:36,560 INFO org.springframework.data.repository.config.RepositoryConfigurationDelegate [restartedMain] Finished Spring Data repository scanning in 15ms. Found 3 repository interfaces.
2019-08-31 18:03:36,612 INFO org.springframework.context.support.PostProcessorRegistrationDelegate$BeanPostProcessorChecker [restartedMain] Bean 'org.springframework.transaction.annotation.ProxyTransactionManagementConfiguration' of type [org.springframework.transaction.annotation.ProxyTransactionManagementConfiguration$$EnhancerBySpringCGLIB$$c3907f97] is not eligible for getting processed by all BeanPostProcessors (for example: not eligible for auto-proxying)
2019-08-31 18:03:36,713 INFO org.springframework.boot.web.embedded.tomcat.TomcatWebServer [restartedMain] Tomcat initialized with port(s): 8092 (http)
2019-08-31 18:03:36,715 INFO org.apache.juli.logging.DirectJDKLog [restartedMain] Starting service [Tomcat]
2019-08-31 18:03:36,716 INFO org.apache.juli.logging.DirectJDKLog [restartedMain] Starting Servlet engine: [Apache Tomcat/9.0.22]
2019-08-31 18:03:36,727 INFO org.apache.juli.logging.DirectJDKLog [restartedMain] Initializing Spring embedded WebApplicationContext
2019-08-31 18:03:36,728 INFO org.springframework.boot.web.servlet.context.ServletWebServerApplicationContext [restartedMain] Root WebApplicationContext: initialization completed in 537 ms
2019-08-31 18:03:36,830 INFO com.zaxxer.hikari.HikariDataSource [restartedMain] HikariPool-3 - Starting...
2019-08-31 18:03:36,840 INFO com.zaxxer.hikari.HikariDataSource [restartedMain] HikariPool-3 - Start completed.
2019-08-31 18:03:36,852 INFO org.hibernate.jpa.internal.util.LogHelper [restartedMain] HHH000204: Processing PersistenceUnitInfo [
	name: default
	...]
2019-08-31 18:03:36,866 INFO org.hibernate.dialect.Dialect [restartedMain] HHH000400: Using dialect: org.hibernate.dialect.MySQL5Dialect
2019-08-31 18:03:38,393 INFO org.springframework.orm.jpa.AbstractEntityManagerFactoryBean [restartedMain] Initialized JPA EntityManagerFactory for persistence unit 'default'
2019-08-31 18:03:38,409 INFO org.springframework.boot.devtools.autoconfigure.OptionalLiveReloadServer [restartedMain] LiveReload server is running on port 35729
2019-08-31 18:03:38,607 WARN org.springframework.boot.autoconfigure.orm.jpa.JpaBaseConfiguration$JpaWebConfiguration$JpaWebMvcConfiguration [restartedMain] spring.jpa.open-in-view is enabled by default. Therefore, database queries may be performed during view rendering. Explicitly configure spring.jpa.open-in-view to disable this warning
2019-08-31 18:03:38,660 INFO springfox.documentation.spring.web.PropertySourcedRequestMappingHandlerMapping [restartedMain] Mapped URL path [/v2/api-docs] onto method [public org.springframework.http.ResponseEntity<springfox.documentation.spring.web.json.Json> springfox.documentation.swagger2.web.Swagger2Controller.getDocumentation(java.lang.String,javax.servlet.http.HttpServletRequest)]
2019-08-31 18:03:38,723 INFO org.springframework.scheduling.concurrent.ExecutorConfigurationSupport [restartedMain] Initializing ExecutorService 'applicationTaskExecutor'
2019-08-31 18:03:38,909 INFO springfox.documentation.spring.web.plugins.DocumentationPluginsBootstrapper [restartedMain] Context refreshed
2019-08-31 18:03:38,912 INFO springfox.documentation.spring.web.plugins.DocumentationPluginsBootstrapper [restartedMain] Found 1 custom documentation plugin(s)
2019-08-31 18:03:38,918 INFO springfox.documentation.spring.web.scanners.ApiListingReferenceScanner [restartedMain] Scanning for api listing references
2019-08-31 18:03:38,953 INFO springfox.documentation.spring.web.readers.operation.CachingOperationNameGenerator [restartedMain] Generating unique operation named: createUserAccountUsingPOST_1
2019-08-31 18:03:38,963 INFO org.springframework.boot.web.embedded.tomcat.TomcatWebServer [restartedMain] Tomcat started on port(s): 8092 (http) with context path '/mortgage'
2019-08-31 18:03:39,067 INFO org.springframework.boot.web.embedded.tomcat.TomcatWebServer [restartedMain] Tomcat initialized with port(s): 8093 (http)
2019-08-31 18:03:39,069 INFO org.apache.juli.logging.DirectJDKLog [restartedMain] Starting service [Tomcat]
2019-08-31 18:03:39,070 INFO org.apache.juli.logging.DirectJDKLog [restartedMain] Starting Servlet engine: [Apache Tomcat/9.0.22]
2019-08-31 18:03:39,082 INFO org.apache.juli.logging.DirectJDKLog [restartedMain] Initializing Spring embedded WebApplicationContext
2019-08-31 18:03:39,082 INFO org.springframework.boot.web.servlet.context.ServletWebServerApplicationContext [restartedMain] Root WebApplicationContext: initialization completed in 91 ms
2019-08-31 18:03:39,098 INFO org.springframework.boot.actuate.endpoint.web.EndpointLinksResolver [restartedMain] Exposing 15 endpoint(s) beneath base path '/actuator'
2019-08-31 18:03:39,137 INFO org.springframework.boot.web.embedded.tomcat.TomcatWebServer [restartedMain] Tomcat started on port(s): 8093 (http) with context path ''
2019-08-31 18:03:39,138 INFO org.springframework.boot.StartupInfoLogger [restartedMain] Started MortgageApplication in 3.004 seconds (JVM running for 239.224)
2019-08-31 18:03:39,147 INFO org.springframework.boot.devtools.autoconfigure.ConditionEvaluationDeltaLoggingListener [restartedMain] Condition evaluation delta:


==========================
CONDITION EVALUATION DELTA
==========================


Positive matches:
-----------------

   ManagementContextAutoConfiguration.DifferentManagementContextConfiguration matched:
      - Management Port actual port type (DIFFERENT) matched required type (OnManagementPortCondition)


Negative matches:
-----------------

   ManagementContextAutoConfiguration.SameManagementContextConfiguration:
      Did not match:
         - Management Port actual port type (DIFFERENT) did not match required type (SAME) (OnManagementPortCondition)


Exclusions:
-----------

    None


Unconditional classes:
----------------------

    None



2019-08-31 18:03:39,957 INFO org.apache.juli.logging.DirectJDKLog [RMI TCP Connection(1)-192.168.1.9] Initializing Spring DispatcherServlet 'dispatcherServlet'
2019-08-31 18:03:39,958 INFO org.springframework.web.servlet.FrameworkServlet [RMI TCP Connection(1)-192.168.1.9] Initializing Servlet 'dispatcherServlet'
2019-08-31 18:03:39,967 INFO org.springframework.web.servlet.FrameworkServlet [RMI TCP Connection(1)-192.168.1.9] Completed initialization in 7 ms
2019-08-31 18:04:17,843 INFO org.apache.juli.logging.DirectJDKLog [http-nio-8093-exec-3] Initializing Spring DispatcherServlet 'dispatcherServlet'
2019-08-31 18:04:17,844 INFO org.springframework.web.servlet.FrameworkServlet [http-nio-8093-exec-3] Initializing Servlet 'dispatcherServlet'
2019-08-31 18:04:17,849 INFO org.springframework.web.servlet.FrameworkServlet [http-nio-8093-exec-3] Completed initialization in 4 ms
